2024-04-11 01:47:37,167 INFO [main] edu.odu.cs.zeil.codegrader.run.CLI:170 - Starting: -suite Tests -submissions . -inPlace -recording build
2024-04-11 01:47:37,330 INFO [main] edu.odu.cs.zeil.codegrader.TestCase:144 - executeTest using command: ./gradlew jar compileTestJava 
2024-04-11 01:47:37,332 INFO [main] edu.odu.cs.zeil.codegrader.TestCase:146 - . 600
2024-04-11 01:47:40,863 INFO [main] edu.odu.cs.zeil.codegrader.TestCase:144 - executeTest using command: java -cp /Users/clayk/workspace/Java/CS361_Java_Assignment_2/./build/libs/assignment.jar Crazy8.Crazy8 1 
2024-04-11 01:47:40,864 INFO [main] edu.odu.cs.zeil.codegrader.TestCase:146 - . 5
2024-04-11 01:47:41,044 INFO [main] edu.odu.cs.zeil.codegrader.TestCase:144 - executeTest using command: java -cp /Users/clayk/workspace/Java/CS361_Java_Assignment_2/./build/libs/assignment.jar Crazy8.Crazy8 1 
2024-04-11 01:47:41,044 INFO [main] edu.odu.cs.zeil.codegrader.TestCase:146 - . 5
2024-04-11 01:47:41,214 INFO [main] edu.odu.cs.zeil.codegrader.TestCase:144 - executeTest using command: java -cp /Users/clayk/workspace/Java/CS361_Java_Assignment_2/./build/libs/assignment.jar Crazy8.Crazy8 1 
2024-04-11 01:47:41,214 INFO [main] edu.odu.cs.zeil.codegrader.TestCase:146 - . 5
2024-04-11 01:47:41,389 INFO [main] edu.odu.cs.zeil.codegrader.TestCase:144 - executeTest using command: java -cp 'build/classes/java/test:build/libs/*:lib/*'  org.junit.platform.console.ConsoleLauncher -c Crazy8.HandTest -c PlayingCards.TestDeck 
2024-04-11 01:47:41,390 INFO [main] edu.odu.cs.zeil.codegrader.TestCase:146 - . 5
2024-04-11 01:47:41,827 INFO [main] edu.odu.cs.zeil.codegrader.TestSuite:498 - removing Tests/builder
2024-04-11 01:59:00,946 INFO [main] edu.odu.cs.zeil.codegrader.run.CLI:170 - Starting: -suite Tests -submissions . -inPlace -recording build
2024-04-11 01:59:01,093 INFO [main] edu.odu.cs.zeil.codegrader.TestCase:144 - executeTest using command: ./gradlew jar compileTestJava 
2024-04-11 01:59:01,097 INFO [main] edu.odu.cs.zeil.codegrader.TestCase:146 - . 600
2024-04-11 01:59:05,446 INFO [main] edu.odu.cs.zeil.codegrader.TestCase:144 - executeTest using command: java -cp /Users/clayk/workspace/Java/CS361_Java_Assignment_2/./build/libs/assignment.jar Crazy8.Crazy8 1 
2024-04-11 01:59:05,448 INFO [main] edu.odu.cs.zeil.codegrader.TestCase:146 - . 5
2024-04-11 01:59:05,720 INFO [main] edu.odu.cs.zeil.codegrader.TestCase:144 - executeTest using command: java -cp /Users/clayk/workspace/Java/CS361_Java_Assignment_2/./build/libs/assignment.jar Crazy8.Crazy8 1 
2024-04-11 01:59:05,722 INFO [main] edu.odu.cs.zeil.codegrader.TestCase:146 - . 5
2024-04-11 01:59:06,100 INFO [main] edu.odu.cs.zeil.codegrader.TestCase:144 - executeTest using command: java -cp /Users/clayk/workspace/Java/CS361_Java_Assignment_2/./build/libs/assignment.jar Crazy8.Crazy8 1 
2024-04-11 01:59:06,101 INFO [main] edu.odu.cs.zeil.codegrader.TestCase:146 - . 5
2024-04-11 01:59:06,446 INFO [main] edu.odu.cs.zeil.codegrader.TestCase:144 - executeTest using command: java -cp 'build/classes/java/test:build/libs/*:lib/*'  org.junit.platform.console.ConsoleLauncher -c Crazy8.HandTest -c PlayingCards.TestDeck 
2024-04-11 01:59:06,446 INFO [main] edu.odu.cs.zeil.codegrader.TestCase:146 - . 5
2024-04-11 01:59:06,931 INFO [main] edu.odu.cs.zeil.codegrader.TestSuite:498 - removing Tests/builder
2024-04-11 02:01:49,998 INFO [main] edu.odu.cs.zeil.codegrader.run.CLI:170 - Starting: -suite Tests -submissions . -inPlace -recording build
2024-04-11 02:01:50,150 INFO [main] edu.odu.cs.zeil.codegrader.TestCase:144 - executeTest using command: ./gradlew jar compileTestJava 
2024-04-11 02:01:50,151 INFO [main] edu.odu.cs.zeil.codegrader.TestCase:146 - . 600
2024-04-11 02:01:54,691 INFO [main] edu.odu.cs.zeil.codegrader.TestCase:144 - executeTest using command: java -cp /Users/clayk/workspace/Java/CS361_Java_Assignment_2/./build/libs/assignment.jar Crazy8.Crazy8 1 
2024-04-11 02:01:54,691 INFO [main] edu.odu.cs.zeil.codegrader.TestCase:146 - . 5
2024-04-11 02:01:54,964 INFO [main] edu.odu.cs.zeil.codegrader.TestCase:144 - executeTest using command: java -cp /Users/clayk/workspace/Java/CS361_Java_Assignment_2/./build/libs/assignment.jar Crazy8.Crazy8 1 
2024-04-11 02:01:54,965 INFO [main] edu.odu.cs.zeil.codegrader.TestCase:146 - . 5
2024-04-11 02:01:55,251 INFO [main] edu.odu.cs.zeil.codegrader.TestCase:144 - executeTest using command: java -cp /Users/clayk/workspace/Java/CS361_Java_Assignment_2/./build/libs/assignment.jar Crazy8.Crazy8 1 
2024-04-11 02:01:55,252 INFO [main] edu.odu.cs.zeil.codegrader.TestCase:146 - . 5
2024-04-11 02:01:55,476 INFO [main] edu.odu.cs.zeil.codegrader.TestCase:144 - executeTest using command: java -cp 'build/classes/java/test:build/libs/*:lib/*'  org.junit.platform.console.ConsoleLauncher -c Crazy8.HandTest -c PlayingCards.TestDeck 
2024-04-11 02:01:55,476 INFO [main] edu.odu.cs.zeil.codegrader.TestCase:146 - . 5
2024-04-11 02:01:55,974 INFO [main] edu.odu.cs.zeil.codegrader.TestSuite:498 - removing Tests/builder
2024-04-11 02:05:33,975 INFO [main] edu.odu.cs.zeil.codegrader.run.CLI:170 - Starting: -suite Tests -submissions . -inPlace -recording build
2024-04-11 02:05:34,236 INFO [main] edu.odu.cs.zeil.codegrader.TestCase:144 - executeTest using command: ./gradlew jar compileTestJava 
2024-04-11 02:05:34,237 INFO [main] edu.odu.cs.zeil.codegrader.TestCase:146 - . 600
2024-04-11 02:05:39,045 INFO [main] edu.odu.cs.zeil.codegrader.TestCase:144 - executeTest using command: java -cp /Users/clayk/workspace/Java/CS361_Java_Assignment_2/./build/libs/assignment.jar Crazy8.Crazy8 1 
2024-04-11 02:05:39,047 INFO [main] edu.odu.cs.zeil.codegrader.TestCase:146 - . 5
2024-04-11 02:05:39,420 INFO [main] edu.odu.cs.zeil.codegrader.TestCase:144 - executeTest using command: java -cp /Users/clayk/workspace/Java/CS361_Java_Assignment_2/./build/libs/assignment.jar Crazy8.Crazy8 1 
2024-04-11 02:05:39,420 INFO [main] edu.odu.cs.zeil.codegrader.TestCase:146 - . 5
2024-04-11 02:05:39,621 INFO [main] edu.odu.cs.zeil.codegrader.TestCase:144 - executeTest using command: java -cp /Users/clayk/workspace/Java/CS361_Java_Assignment_2/./build/libs/assignment.jar Crazy8.Crazy8 1 
2024-04-11 02:05:39,621 INFO [main] edu.odu.cs.zeil.codegrader.TestCase:146 - . 5
2024-04-11 02:05:39,841 INFO [main] edu.odu.cs.zeil.codegrader.TestCase:144 - executeTest using command: java -cp 'build/classes/java/test:build/libs/*:lib/*'  org.junit.platform.console.ConsoleLauncher -c Crazy8.HandTest -c PlayingCards.TestDeck 
2024-04-11 02:05:39,841 INFO [main] edu.odu.cs.zeil.codegrader.TestCase:146 - . 5
2024-04-11 02:05:40,350 INFO [main] edu.odu.cs.zeil.codegrader.TestSuite:498 - removing Tests/builder
2024-04-11 02:15:22,783 INFO [main] edu.odu.cs.zeil.codegrader.run.CLI:170 - Starting: -suite Tests -submissions . -inPlace -recording build
2024-04-11 02:15:22,925 INFO [main] edu.odu.cs.zeil.codegrader.TestCase:144 - executeTest using command: ./gradlew jar compileTestJava 
2024-04-11 02:15:22,929 INFO [main] edu.odu.cs.zeil.codegrader.TestCase:146 - . 600
2024-04-11 02:15:26,569 INFO [main] edu.odu.cs.zeil.codegrader.TestCase:144 - executeTest using command: java -cp /Users/clayk/workspace/Java/CS361_Java_Assignment_2/./build/libs/assignment.jar Crazy8.Crazy8 1 
2024-04-11 02:15:26,570 INFO [main] edu.odu.cs.zeil.codegrader.TestCase:146 - . 5
2024-04-11 02:15:26,801 INFO [main] edu.odu.cs.zeil.codegrader.TestCase:144 - executeTest using command: java -cp /Users/clayk/workspace/Java/CS361_Java_Assignment_2/./build/libs/assignment.jar Crazy8.Crazy8 1 
2024-04-11 02:15:26,801 INFO [main] edu.odu.cs.zeil.codegrader.TestCase:146 - . 5
2024-04-11 02:15:27,038 INFO [main] edu.odu.cs.zeil.codegrader.TestCase:144 - executeTest using command: java -cp /Users/clayk/workspace/Java/CS361_Java_Assignment_2/./build/libs/assignment.jar Crazy8.Crazy8 1 
2024-04-11 02:15:27,039 INFO [main] edu.odu.cs.zeil.codegrader.TestCase:146 - . 5
2024-04-11 02:15:27,250 INFO [main] edu.odu.cs.zeil.codegrader.TestCase:144 - executeTest using command: java -cp 'build/classes/java/test:build/libs/*:lib/*'  org.junit.platform.console.ConsoleLauncher -c Crazy8.HandTest -c PlayingCards.TestDeck 
2024-04-11 02:15:27,250 INFO [main] edu.odu.cs.zeil.codegrader.TestCase:146 - . 5
2024-04-11 02:15:27,687 INFO [main] edu.odu.cs.zeil.codegrader.TestSuite:498 - removing Tests/builder
2024-04-11 02:17:31,006 INFO [main] edu.odu.cs.zeil.codegrader.run.CLI:170 - Starting: -suite Tests -submissions . -inPlace -recording build
2024-04-11 02:17:31,147 INFO [main] edu.odu.cs.zeil.codegrader.TestCase:144 - executeTest using command: ./gradlew jar compileTestJava 
2024-04-11 02:17:31,148 INFO [main] edu.odu.cs.zeil.codegrader.TestCase:146 - . 600
2024-04-11 02:17:35,178 INFO [main] edu.odu.cs.zeil.codegrader.TestCase:144 - executeTest using command: java -cp /Users/clayk/workspace/Java/CS361_Java_Assignment_2/./build/libs/assignment.jar Crazy8.Crazy8 1 
2024-04-11 02:17:35,178 INFO [main] edu.odu.cs.zeil.codegrader.TestCase:146 - . 5
2024-04-11 02:17:35,416 INFO [main] edu.odu.cs.zeil.codegrader.TestCase:144 - executeTest using command: java -cp /Users/clayk/workspace/Java/CS361_Java_Assignment_2/./build/libs/assignment.jar Crazy8.Crazy8 1 
2024-04-11 02:17:35,416 INFO [main] edu.odu.cs.zeil.codegrader.TestCase:146 - . 5
2024-04-11 02:17:35,645 INFO [main] edu.odu.cs.zeil.codegrader.TestCase:144 - executeTest using command: java -cp /Users/clayk/workspace/Java/CS361_Java_Assignment_2/./build/libs/assignment.jar Crazy8.Crazy8 1 
2024-04-11 02:17:35,645 INFO [main] edu.odu.cs.zeil.codegrader.TestCase:146 - . 5
2024-04-11 02:17:35,874 INFO [main] edu.odu.cs.zeil.codegrader.TestCase:144 - executeTest using command: java -cp 'build/classes/java/test:build/libs/*:lib/*'  org.junit.platform.console.ConsoleLauncher -c Crazy8.HandTest -c PlayingCards.TestDeck 
2024-04-11 02:17:35,874 INFO [main] edu.odu.cs.zeil.codegrader.TestCase:146 - . 5
2024-04-11 02:17:36,392 INFO [main] edu.odu.cs.zeil.codegrader.TestSuite:498 - removing Tests/builder
2024-04-11 02:19:50,582 INFO [main] edu.odu.cs.zeil.codegrader.run.CLI:170 - Starting: -suite Tests -submissions . -inPlace -recording build
2024-04-11 02:19:50,723 INFO [main] edu.odu.cs.zeil.codegrader.TestCase:144 - executeTest using command: ./gradlew jar compileTestJava 
2024-04-11 02:19:50,725 INFO [main] edu.odu.cs.zeil.codegrader.TestCase:146 - . 600
2024-04-11 02:19:55,041 INFO [main] edu.odu.cs.zeil.codegrader.TestCase:144 - executeTest using command: java -cp /Users/clayk/workspace/Java/CS361_Java_Assignment_2/./build/libs/assignment.jar Crazy8.Crazy8 1 
2024-04-11 02:19:55,041 INFO [main] edu.odu.cs.zeil.codegrader.TestCase:146 - . 5
2024-04-11 02:19:55,279 INFO [main] edu.odu.cs.zeil.codegrader.TestCase:144 - executeTest using command: java -cp /Users/clayk/workspace/Java/CS361_Java_Assignment_2/./build/libs/assignment.jar Crazy8.Crazy8 1 
2024-04-11 02:19:55,280 INFO [main] edu.odu.cs.zeil.codegrader.TestCase:146 - . 5
2024-04-11 02:19:55,510 INFO [main] edu.odu.cs.zeil.codegrader.TestCase:144 - executeTest using command: java -cp /Users/clayk/workspace/Java/CS361_Java_Assignment_2/./build/libs/assignment.jar Crazy8.Crazy8 1 
2024-04-11 02:19:55,510 INFO [main] edu.odu.cs.zeil.codegrader.TestCase:146 - . 5
2024-04-11 02:19:55,712 INFO [main] edu.odu.cs.zeil.codegrader.TestCase:144 - executeTest using command: java -cp 'build/classes/java/test:build/libs/*:lib/*'  org.junit.platform.console.ConsoleLauncher -c Crazy8.HandTest -c PlayingCards.TestDeck 
2024-04-11 02:19:55,712 INFO [main] edu.odu.cs.zeil.codegrader.TestCase:146 - . 5
2024-04-11 02:19:56,178 INFO [main] edu.odu.cs.zeil.codegrader.TestSuite:498 - removing Tests/builder
2024-04-11 02:25:20,074 INFO [main] edu.odu.cs.zeil.codegrader.run.CLI:170 - Starting: -suite Tests -submissions . -inPlace -recording build
2024-04-11 02:25:20,222 INFO [main] edu.odu.cs.zeil.codegrader.TestCase:144 - executeTest using command: ./gradlew jar compileTestJava 
2024-04-11 02:25:20,224 INFO [main] edu.odu.cs.zeil.codegrader.TestCase:146 - . 600
2024-04-11 02:25:24,126 INFO [main] edu.odu.cs.zeil.codegrader.TestCase:144 - executeTest using command: java -cp /Users/clayk/workspace/Java/CS361_Java_Assignment_2/./build/libs/assignment.jar Crazy8.Crazy8 1 
2024-04-11 02:25:24,127 INFO [main] edu.odu.cs.zeil.codegrader.TestCase:146 - . 5
2024-04-11 02:25:24,358 INFO [main] edu.odu.cs.zeil.codegrader.TestCase:144 - executeTest using command: java -cp /Users/clayk/workspace/Java/CS361_Java_Assignment_2/./build/libs/assignment.jar Crazy8.Crazy8 1 
2024-04-11 02:25:24,358 INFO [main] edu.odu.cs.zeil.codegrader.TestCase:146 - . 5
2024-04-11 02:25:24,581 INFO [main] edu.odu.cs.zeil.codegrader.TestCase:144 - executeTest using command: java -cp /Users/clayk/workspace/Java/CS361_Java_Assignment_2/./build/libs/assignment.jar Crazy8.Crazy8 1 
2024-04-11 02:25:24,582 INFO [main] edu.odu.cs.zeil.codegrader.TestCase:146 - . 5
2024-04-11 02:25:24,799 INFO [main] edu.odu.cs.zeil.codegrader.TestCase:144 - executeTest using command: java -cp 'build/classes/java/test:build/libs/*:lib/*'  org.junit.platform.console.ConsoleLauncher -c Crazy8.HandTest -c PlayingCards.TestDeck 
2024-04-11 02:25:24,799 INFO [main] edu.odu.cs.zeil.codegrader.TestCase:146 - . 5
2024-04-11 02:25:25,221 INFO [main] edu.odu.cs.zeil.codegrader.TestSuite:498 - removing Tests/builder
2024-04-11 02:29:09,421 INFO [main] edu.odu.cs.zeil.codegrader.run.CLI:170 - Starting: -suite Tests -submissions . -inPlace -recording build
2024-04-11 02:29:09,593 INFO [main] edu.odu.cs.zeil.codegrader.TestCase:144 - executeTest using command: ./gradlew jar compileTestJava 
2024-04-11 02:29:09,595 INFO [main] edu.odu.cs.zeil.codegrader.TestCase:146 - . 600
2024-04-11 02:29:13,097 INFO [main] edu.odu.cs.zeil.codegrader.TestCase:144 - executeTest using command: java -cp /Users/clayk/workspace/Java/CS361_Java_Assignment_2/./build/libs/assignment.jar Crazy8.Crazy8 1 
2024-04-11 02:29:13,098 INFO [main] edu.odu.cs.zeil.codegrader.TestCase:146 - . 5
2024-04-11 02:29:13,336 INFO [main] edu.odu.cs.zeil.codegrader.TestCase:144 - executeTest using command: java -cp /Users/clayk/workspace/Java/CS361_Java_Assignment_2/./build/libs/assignment.jar Crazy8.Crazy8 1 
2024-04-11 02:29:13,336 INFO [main] edu.odu.cs.zeil.codegrader.TestCase:146 - . 5
2024-04-11 02:29:13,573 INFO [main] edu.odu.cs.zeil.codegrader.TestCase:144 - executeTest using command: java -cp /Users/clayk/workspace/Java/CS361_Java_Assignment_2/./build/libs/assignment.jar Crazy8.Crazy8 1 
2024-04-11 02:29:13,573 INFO [main] edu.odu.cs.zeil.codegrader.TestCase:146 - . 5
2024-04-11 02:29:13,793 INFO [main] edu.odu.cs.zeil.codegrader.TestCase:144 - executeTest using command: java -cp 'build/classes/java/test:build/libs/*:lib/*'  org.junit.platform.console.ConsoleLauncher -c Crazy8.HandTest -c PlayingCards.TestDeck 
2024-04-11 02:29:13,793 INFO [main] edu.odu.cs.zeil.codegrader.TestCase:146 - . 5
2024-04-11 02:29:14,255 INFO [main] edu.odu.cs.zeil.codegrader.TestSuite:498 - removing Tests/builder
2024-04-11 02:32:56,569 INFO [main] edu.odu.cs.zeil.codegrader.run.CLI:170 - Starting: -suite Tests -submissions . -inPlace -recording build
2024-04-11 02:32:56,717 INFO [main] edu.odu.cs.zeil.codegrader.TestCase:144 - executeTest using command: ./gradlew jar compileTestJava 
2024-04-11 02:32:56,719 INFO [main] edu.odu.cs.zeil.codegrader.TestCase:146 - . 600
2024-04-11 02:33:02,495 INFO [main] edu.odu.cs.zeil.codegrader.TestCase:144 - executeTest using command: java -cp /Users/clayk/workspace/Java/CS361_Java_Assignment_2/./build/libs/assignment.jar Crazy8.Crazy8 1 
2024-04-11 02:33:02,496 INFO [main] edu.odu.cs.zeil.codegrader.TestCase:146 - . 5
2024-04-11 02:33:02,805 INFO [main] edu.odu.cs.zeil.codegrader.TestCase:144 - executeTest using command: java -cp /Users/clayk/workspace/Java/CS361_Java_Assignment_2/./build/libs/assignment.jar Crazy8.Crazy8 1 
2024-04-11 02:33:02,806 INFO [main] edu.odu.cs.zeil.codegrader.TestCase:146 - . 5
2024-04-11 02:33:03,050 INFO [main] edu.odu.cs.zeil.codegrader.TestCase:144 - executeTest using command: java -cp /Users/clayk/workspace/Java/CS361_Java_Assignment_2/./build/libs/assignment.jar Crazy8.Crazy8 1 
2024-04-11 02:33:03,050 INFO [main] edu.odu.cs.zeil.codegrader.TestCase:146 - . 5
2024-04-11 02:33:03,279 INFO [main] edu.odu.cs.zeil.codegrader.TestCase:144 - executeTest using command: java -cp 'build/classes/java/test:build/libs/*:lib/*'  org.junit.platform.console.ConsoleLauncher -c Crazy8.HandTest -c PlayingCards.TestDeck 
2024-04-11 02:33:03,280 INFO [main] edu.odu.cs.zeil.codegrader.TestCase:146 - . 5
2024-04-11 02:33:03,729 INFO [main] edu.odu.cs.zeil.codegrader.TestSuite:498 - removing Tests/builder
2024-04-11 02:38:08,495 INFO [main] edu.odu.cs.zeil.codegrader.run.CLI:170 - Starting: -suite Tests -submissions . -inPlace -recording build
2024-04-11 02:38:08,652 INFO [main] edu.odu.cs.zeil.codegrader.TestCase:144 - executeTest using command: ./gradlew jar compileTestJava 
2024-04-11 02:38:08,654 INFO [main] edu.odu.cs.zeil.codegrader.TestCase:146 - . 600
2024-04-11 02:38:12,425 INFO [main] edu.odu.cs.zeil.codegrader.TestCase:144 - executeTest using command: java -cp /Users/clayk/workspace/Java/CS361_Java_Assignment_2/./build/libs/assignment.jar Crazy8.Crazy8 1 
2024-04-11 02:38:12,425 INFO [main] edu.odu.cs.zeil.codegrader.TestCase:146 - . 5
2024-04-11 02:38:12,663 INFO [main] edu.odu.cs.zeil.codegrader.TestCase:144 - executeTest using command: java -cp /Users/clayk/workspace/Java/CS361_Java_Assignment_2/./build/libs/assignment.jar Crazy8.Crazy8 1 
2024-04-11 02:38:12,663 INFO [main] edu.odu.cs.zeil.codegrader.TestCase:146 - . 5
2024-04-11 02:38:12,889 INFO [main] edu.odu.cs.zeil.codegrader.TestCase:144 - executeTest using command: java -cp /Users/clayk/workspace/Java/CS361_Java_Assignment_2/./build/libs/assignment.jar Crazy8.Crazy8 1 
2024-04-11 02:38:12,890 INFO [main] edu.odu.cs.zeil.codegrader.TestCase:146 - . 5
2024-04-11 02:38:13,100 INFO [main] edu.odu.cs.zeil.codegrader.TestCase:144 - executeTest using command: java -cp 'build/classes/java/test:build/libs/*:lib/*'  org.junit.platform.console.ConsoleLauncher -c Crazy8.HandTest -c PlayingCards.TestDeck 
2024-04-11 02:38:13,101 INFO [main] edu.odu.cs.zeil.codegrader.TestCase:146 - . 5
2024-04-11 02:38:13,517 INFO [main] edu.odu.cs.zeil.codegrader.TestSuite:498 - removing Tests/builder
2024-04-11 02:42:24,513 INFO [main] edu.odu.cs.zeil.codegrader.run.CLI:170 - Starting: -suite Tests -submissions . -inPlace -recording build
2024-04-11 02:42:24,675 INFO [main] edu.odu.cs.zeil.codegrader.TestCase:144 - executeTest using command: ./gradlew jar compileTestJava 
2024-04-11 02:42:24,677 INFO [main] edu.odu.cs.zeil.codegrader.TestCase:146 - . 600
2024-04-11 02:42:28,267 INFO [main] edu.odu.cs.zeil.codegrader.TestCase:144 - executeTest using command: java -cp /Users/clayk/workspace/Java/CS361_Java_Assignment_2/./build/libs/assignment.jar Crazy8.Crazy8 1 
2024-04-11 02:42:28,267 INFO [main] edu.odu.cs.zeil.codegrader.TestCase:146 - . 5
2024-04-11 02:42:28,515 INFO [main] edu.odu.cs.zeil.codegrader.TestCase:144 - executeTest using command: java -cp /Users/clayk/workspace/Java/CS361_Java_Assignment_2/./build/libs/assignment.jar Crazy8.Crazy8 1 
2024-04-11 02:42:28,515 INFO [main] edu.odu.cs.zeil.codegrader.TestCase:146 - . 5
2024-04-11 02:42:28,736 INFO [main] edu.odu.cs.zeil.codegrader.TestCase:144 - executeTest using command: java -cp /Users/clayk/workspace/Java/CS361_Java_Assignment_2/./build/libs/assignment.jar Crazy8.Crazy8 1 
2024-04-11 02:42:28,736 INFO [main] edu.odu.cs.zeil.codegrader.TestCase:146 - . 5
2024-04-11 02:42:28,945 INFO [main] edu.odu.cs.zeil.codegrader.TestCase:144 - executeTest using command: java -cp 'build/classes/java/test:build/libs/*:lib/*'  org.junit.platform.console.ConsoleLauncher -c Crazy8.HandTest -c PlayingCards.TestDeck 
2024-04-11 02:42:28,945 INFO [main] edu.odu.cs.zeil.codegrader.TestCase:146 - . 5
2024-04-11 02:42:29,377 INFO [main] edu.odu.cs.zeil.codegrader.TestSuite:498 - removing Tests/builder
2024-04-11 02:50:26,320 INFO [main] edu.odu.cs.zeil.codegrader.run.CLI:170 - Starting: -suite Tests -submissions . -inPlace -recording build
2024-04-11 02:50:26,473 INFO [main] edu.odu.cs.zeil.codegrader.TestCase:144 - executeTest using command: ./gradlew jar compileTestJava 
2024-04-11 02:50:26,477 INFO [main] edu.odu.cs.zeil.codegrader.TestCase:146 - . 600
2024-04-11 02:50:30,305 INFO [main] edu.odu.cs.zeil.codegrader.TestCase:144 - executeTest using command: java -cp /Users/clayk/workspace/Java/CS361_Java_Assignment_2/./build/libs/assignment.jar Crazy8.Crazy8 1 
2024-04-11 02:50:30,306 INFO [main] edu.odu.cs.zeil.codegrader.TestCase:146 - . 5
2024-04-11 02:50:30,542 INFO [main] edu.odu.cs.zeil.codegrader.TestCase:144 - executeTest using command: java -cp /Users/clayk/workspace/Java/CS361_Java_Assignment_2/./build/libs/assignment.jar Crazy8.Crazy8 1 
2024-04-11 02:50:30,542 INFO [main] edu.odu.cs.zeil.codegrader.TestCase:146 - . 5
2024-04-11 02:50:30,774 INFO [main] edu.odu.cs.zeil.codegrader.TestCase:144 - executeTest using command: java -cp /Users/clayk/workspace/Java/CS361_Java_Assignment_2/./build/libs/assignment.jar Crazy8.Crazy8 1 
2024-04-11 02:50:30,774 INFO [main] edu.odu.cs.zeil.codegrader.TestCase:146 - . 5
2024-04-11 02:50:30,995 INFO [main] edu.odu.cs.zeil.codegrader.TestCase:144 - executeTest using command: java -cp 'build/classes/java/test:build/libs/*:lib/*'  org.junit.platform.console.ConsoleLauncher -c Crazy8.HandTest -c PlayingCards.TestDeck 
2024-04-11 02:50:30,996 INFO [main] edu.odu.cs.zeil.codegrader.TestCase:146 - . 5
2024-04-11 02:50:31,574 INFO [main] edu.odu.cs.zeil.codegrader.TestSuite:498 - removing Tests/builder
2024-04-11 02:50:47,590 INFO [main] edu.odu.cs.zeil.codegrader.run.CLI:170 - Starting: -suite Tests -submissions . -inPlace -recording build
2024-04-11 02:50:47,749 INFO [main] edu.odu.cs.zeil.codegrader.TestCase:144 - executeTest using command: ./gradlew jar compileTestJava 
2024-04-11 02:50:47,753 INFO [main] edu.odu.cs.zeil.codegrader.TestCase:146 - . 600
2024-04-11 02:50:53,900 INFO [main] edu.odu.cs.zeil.codegrader.run.CLI:170 - Starting: -suite Tests -submissions . -inPlace -recording build
2024-04-11 02:50:54,047 INFO [main] edu.odu.cs.zeil.codegrader.TestCase:144 - executeTest using command: ./gradlew jar compileTestJava 
2024-04-11 02:50:54,048 INFO [main] edu.odu.cs.zeil.codegrader.TestCase:146 - . 600
2024-04-11 02:50:54,672 INFO [main] edu.odu.cs.zeil.codegrader.TestCase:144 - executeTest using command: java -cp /Users/clayk/workspace/Java/CS361_Java_Assignment_2/./build/libs/assignment.jar Crazy8.Crazy8 1 
2024-04-11 02:50:54,672 INFO [main] edu.odu.cs.zeil.codegrader.TestCase:146 - . 5
2024-04-11 02:50:54,910 INFO [main] edu.odu.cs.zeil.codegrader.TestCase:144 - executeTest using command: java -cp /Users/clayk/workspace/Java/CS361_Java_Assignment_2/./build/libs/assignment.jar Crazy8.Crazy8 1 
2024-04-11 02:50:54,910 INFO [main] edu.odu.cs.zeil.codegrader.TestCase:146 - . 5
2024-04-11 02:50:55,141 INFO [main] edu.odu.cs.zeil.codegrader.TestCase:144 - executeTest using command: java -cp /Users/clayk/workspace/Java/CS361_Java_Assignment_2/./build/libs/assignment.jar Crazy8.Crazy8 1 
2024-04-11 02:50:55,142 INFO [main] edu.odu.cs.zeil.codegrader.TestCase:146 - . 5
2024-04-11 02:50:55,359 INFO [main] edu.odu.cs.zeil.codegrader.TestCase:144 - executeTest using command: java -cp 'build/classes/java/test:build/libs/*:lib/*'  org.junit.platform.console.ConsoleLauncher -c Crazy8.HandTest -c PlayingCards.TestDeck 
2024-04-11 02:50:55,359 INFO [main] edu.odu.cs.zeil.codegrader.TestCase:146 - . 5
2024-04-11 02:50:55,776 INFO [main] edu.odu.cs.zeil.codegrader.TestSuite:498 - removing Tests/builder
2024-04-11 02:51:00,005 INFO [main] edu.odu.cs.zeil.codegrader.run.CLI:170 - Starting: -suite Tests -submissions . -inPlace -recording build
2024-04-11 02:51:00,156 INFO [main] edu.odu.cs.zeil.codegrader.TestCase:144 - executeTest using command: ./gradlew jar compileTestJava 
2024-04-11 02:51:00,159 INFO [main] edu.odu.cs.zeil.codegrader.TestCase:146 - . 600
2024-04-11 02:51:00,772 INFO [main] edu.odu.cs.zeil.codegrader.TestCase:144 - executeTest using command: java -cp /Users/clayk/workspace/Java/CS361_Java_Assignment_2/./build/libs/assignment.jar Crazy8.Crazy8 1 
2024-04-11 02:51:00,772 INFO [main] edu.odu.cs.zeil.codegrader.TestCase:146 - . 5
2024-04-11 02:51:01,027 INFO [main] edu.odu.cs.zeil.codegrader.TestCase:144 - executeTest using command: java -cp /Users/clayk/workspace/Java/CS361_Java_Assignment_2/./build/libs/assignment.jar Crazy8.Crazy8 1 
2024-04-11 02:51:01,027 INFO [main] edu.odu.cs.zeil.codegrader.TestCase:146 - . 5
2024-04-11 02:51:01,331 INFO [main] edu.odu.cs.zeil.codegrader.TestCase:144 - executeTest using command: java -cp /Users/clayk/workspace/Java/CS361_Java_Assignment_2/./build/libs/assignment.jar Crazy8.Crazy8 1 
2024-04-11 02:51:01,331 INFO [main] edu.odu.cs.zeil.codegrader.TestCase:146 - . 5
2024-04-11 02:51:01,542 INFO [main] edu.odu.cs.zeil.codegrader.TestCase:144 - executeTest using command: java -cp 'build/classes/java/test:build/libs/*:lib/*'  org.junit.platform.console.ConsoleLauncher -c Crazy8.HandTest -c PlayingCards.TestDeck 
2024-04-11 02:51:01,543 INFO [main] edu.odu.cs.zeil.codegrader.TestCase:146 - . 5
2024-04-11 02:51:01,946 INFO [main] edu.odu.cs.zeil.codegrader.TestSuite:498 - removing Tests/builder
2024-04-11 02:52:01,080 INFO [main] edu.odu.cs.zeil.codegrader.run.CLI:170 - Starting: -suite Tests -submissions . -inPlace -recording build
2024-04-11 02:52:01,232 INFO [main] edu.odu.cs.zeil.codegrader.TestCase:144 - executeTest using command: ./gradlew jar compileTestJava 
2024-04-11 02:52:01,234 INFO [main] edu.odu.cs.zeil.codegrader.TestCase:146 - . 600
2024-04-11 02:52:05,745 INFO [main] edu.odu.cs.zeil.codegrader.TestCase:144 - executeTest using command: java -cp /Users/clayk/workspace/Java/CS361_Java_Assignment_2/./build/libs/assignment.jar Crazy8.Crazy8 1 
2024-04-11 02:52:05,747 INFO [main] edu.odu.cs.zeil.codegrader.TestCase:146 - . 5
2024-04-11 02:52:06,039 INFO [main] edu.odu.cs.zeil.codegrader.TestCase:144 - executeTest using command: java -cp /Users/clayk/workspace/Java/CS361_Java_Assignment_2/./build/libs/assignment.jar Crazy8.Crazy8 1 
2024-04-11 02:52:06,039 INFO [main] edu.odu.cs.zeil.codegrader.TestCase:146 - . 5
2024-04-11 02:52:06,340 INFO [main] edu.odu.cs.zeil.codegrader.TestCase:144 - executeTest using command: java -cp /Users/clayk/workspace/Java/CS361_Java_Assignment_2/./build/libs/assignment.jar Crazy8.Crazy8 1 
2024-04-11 02:52:06,341 INFO [main] edu.odu.cs.zeil.codegrader.TestCase:146 - . 5
2024-04-11 02:52:06,620 INFO [main] edu.odu.cs.zeil.codegrader.TestCase:144 - executeTest using command: java -cp 'build/classes/java/test:build/libs/*:lib/*'  org.junit.platform.console.ConsoleLauncher -c Crazy8.HandTest -c PlayingCards.TestDeck 
2024-04-11 02:52:06,621 INFO [main] edu.odu.cs.zeil.codegrader.TestCase:146 - . 5
2024-04-11 02:52:07,082 INFO [main] edu.odu.cs.zeil.codegrader.TestSuite:498 - removing Tests/builder
2024-04-11 02:55:30,130 INFO [main] edu.odu.cs.zeil.codegrader.run.CLI:170 - Starting: -suite Tests -submissions . -inPlace -recording build
2024-04-11 02:55:30,299 INFO [main] edu.odu.cs.zeil.codegrader.TestCase:144 - executeTest using command: ./gradlew jar compileTestJava 
2024-04-11 02:55:30,301 INFO [main] edu.odu.cs.zeil.codegrader.TestCase:146 - . 600
2024-04-11 02:55:33,916 INFO [main] edu.odu.cs.zeil.codegrader.TestCase:144 - executeTest using command: java -cp /Users/clayk/workspace/Java/CS361_Java_Assignment_2/./build/libs/assignment.jar Crazy8.Crazy8 1 
2024-04-11 02:55:33,916 INFO [main] edu.odu.cs.zeil.codegrader.TestCase:146 - . 5
2024-04-11 02:55:34,154 INFO [main] edu.odu.cs.zeil.codegrader.TestCase:144 - executeTest using command: java -cp /Users/clayk/workspace/Java/CS361_Java_Assignment_2/./build/libs/assignment.jar Crazy8.Crazy8 1 
2024-04-11 02:55:34,154 INFO [main] edu.odu.cs.zeil.codegrader.TestCase:146 - . 5
2024-04-11 02:55:34,402 INFO [main] edu.odu.cs.zeil.codegrader.TestCase:144 - executeTest using command: java -cp /Users/clayk/workspace/Java/CS361_Java_Assignment_2/./build/libs/assignment.jar Crazy8.Crazy8 1 
2024-04-11 02:55:34,402 INFO [main] edu.odu.cs.zeil.codegrader.TestCase:146 - . 5
2024-04-11 02:55:34,631 INFO [main] edu.odu.cs.zeil.codegrader.TestCase:144 - executeTest using command: java -cp 'build/classes/java/test:build/libs/*:lib/*'  org.junit.platform.console.ConsoleLauncher -c Crazy8.HandTest -c PlayingCards.TestDeck 
2024-04-11 02:55:34,631 INFO [main] edu.odu.cs.zeil.codegrader.TestCase:146 - . 5
2024-04-11 02:55:35,074 INFO [main] edu.odu.cs.zeil.codegrader.TestSuite:498 - removing Tests/builder
2024-04-11 02:56:09,512 INFO [main] edu.odu.cs.zeil.codegrader.run.CLI:170 - Starting: -suite Tests -submissions . -inPlace -recording build
2024-04-11 02:56:09,653 INFO [main] edu.odu.cs.zeil.codegrader.TestCase:144 - executeTest using command: ./gradlew jar compileTestJava 
2024-04-11 02:56:09,657 INFO [main] edu.odu.cs.zeil.codegrader.TestCase:146 - . 600
2024-04-11 02:56:13,576 INFO [main] edu.odu.cs.zeil.codegrader.TestCase:144 - executeTest using command: java -cp /Users/clayk/workspace/Java/CS361_Java_Assignment_2/./build/libs/assignment.jar Crazy8.Crazy8 1 
2024-04-11 02:56:13,576 INFO [main] edu.odu.cs.zeil.codegrader.TestCase:146 - . 5
2024-04-11 02:56:13,820 INFO [main] edu.odu.cs.zeil.codegrader.TestCase:144 - executeTest using command: java -cp /Users/clayk/workspace/Java/CS361_Java_Assignment_2/./build/libs/assignment.jar Crazy8.Crazy8 1 
2024-04-11 02:56:13,820 INFO [main] edu.odu.cs.zeil.codegrader.TestCase:146 - . 5
2024-04-11 02:56:14,088 INFO [main] edu.odu.cs.zeil.codegrader.TestCase:144 - executeTest using command: java -cp /Users/clayk/workspace/Java/CS361_Java_Assignment_2/./build/libs/assignment.jar Crazy8.Crazy8 1 
2024-04-11 02:56:14,088 INFO [main] edu.odu.cs.zeil.codegrader.TestCase:146 - . 5
2024-04-11 02:56:14,299 INFO [main] edu.odu.cs.zeil.codegrader.TestCase:144 - executeTest using command: java -cp 'build/classes/java/test:build/libs/*:lib/*'  org.junit.platform.console.ConsoleLauncher -c Crazy8.HandTest -c PlayingCards.TestDeck 
2024-04-11 02:56:14,299 INFO [main] edu.odu.cs.zeil.codegrader.TestCase:146 - . 5
2024-04-11 02:56:14,733 INFO [main] edu.odu.cs.zeil.codegrader.TestSuite:498 - removing Tests/builder
2024-04-11 02:58:15,144 INFO [main] edu.odu.cs.zeil.codegrader.run.CLI:170 - Starting: -suite Tests -submissions . -inPlace -recording build
2024-04-11 02:58:15,287 INFO [main] edu.odu.cs.zeil.codegrader.TestCase:144 - executeTest using command: ./gradlew jar compileTestJava 
2024-04-11 02:58:15,288 INFO [main] edu.odu.cs.zeil.codegrader.TestCase:146 - . 600
2024-04-11 02:58:19,279 INFO [main] edu.odu.cs.zeil.codegrader.TestCase:144 - executeTest using command: java -cp /Users/clayk/workspace/Java/CS361_Java_Assignment_2/./build/libs/assignment.jar Crazy8.Crazy8 1 
2024-04-11 02:58:19,280 INFO [main] edu.odu.cs.zeil.codegrader.TestCase:146 - . 5
2024-04-11 02:58:19,625 INFO [main] edu.odu.cs.zeil.codegrader.TestCase:144 - executeTest using command: java -cp /Users/clayk/workspace/Java/CS361_Java_Assignment_2/./build/libs/assignment.jar Crazy8.Crazy8 1 
2024-04-11 02:58:19,625 INFO [main] edu.odu.cs.zeil.codegrader.TestCase:146 - . 5
2024-04-11 02:58:19,881 INFO [main] edu.odu.cs.zeil.codegrader.TestCase:144 - executeTest using command: java -cp /Users/clayk/workspace/Java/CS361_Java_Assignment_2/./build/libs/assignment.jar Crazy8.Crazy8 1 
2024-04-11 02:58:19,881 INFO [main] edu.odu.cs.zeil.codegrader.TestCase:146 - . 5
2024-04-11 02:58:20,123 INFO [main] edu.odu.cs.zeil.codegrader.TestCase:144 - executeTest using command: java -cp 'build/classes/java/test:build/libs/*:lib/*'  org.junit.platform.console.ConsoleLauncher -c Crazy8.HandTest -c PlayingCards.TestDeck 
2024-04-11 02:58:20,125 INFO [main] edu.odu.cs.zeil.codegrader.TestCase:146 - . 5
2024-04-11 02:58:23,441 INFO [main] edu.odu.cs.zeil.codegrader.TestSuite:498 - removing Tests/builder
2024-04-11 03:14:17,722 INFO [main] edu.odu.cs.zeil.codegrader.run.CLI:170 - Starting: -suite Tests -submissions . -inPlace -recording build
2024-04-11 03:14:17,884 INFO [main] edu.odu.cs.zeil.codegrader.TestCase:144 - executeTest using command: ./gradlew jar compileTestJava 
2024-04-11 03:14:17,885 INFO [main] edu.odu.cs.zeil.codegrader.TestCase:146 - . 600
2024-04-11 03:14:21,957 INFO [main] edu.odu.cs.zeil.codegrader.TestCase:144 - executeTest using command: java -cp /Users/clayk/workspace/Java/CS361_Java_Assignment_2/./build/libs/assignment.jar Crazy8.Crazy8 1 
2024-04-11 03:14:21,958 INFO [main] edu.odu.cs.zeil.codegrader.TestCase:146 - . 5
2024-04-11 03:14:22,203 INFO [main] edu.odu.cs.zeil.codegrader.TestCase:144 - executeTest using command: java -cp /Users/clayk/workspace/Java/CS361_Java_Assignment_2/./build/libs/assignment.jar Crazy8.Crazy8 1 
2024-04-11 03:14:22,204 INFO [main] edu.odu.cs.zeil.codegrader.TestCase:146 - . 5
2024-04-11 03:14:22,445 INFO [main] edu.odu.cs.zeil.codegrader.TestCase:144 - executeTest using command: java -cp /Users/clayk/workspace/Java/CS361_Java_Assignment_2/./build/libs/assignment.jar Crazy8.Crazy8 1 
2024-04-11 03:14:22,445 INFO [main] edu.odu.cs.zeil.codegrader.TestCase:146 - . 5
2024-04-11 03:14:22,618 INFO [main] edu.odu.cs.zeil.codegrader.TestCase:144 - executeTest using command: java -cp 'build/classes/java/test:build/libs/*:lib/*'  org.junit.platform.console.ConsoleLauncher -c Crazy8.HandTest -c PlayingCards.TestDeck 
2024-04-11 03:14:22,618 INFO [main] edu.odu.cs.zeil.codegrader.TestCase:146 - . 5
2024-04-11 03:14:23,081 INFO [main] edu.odu.cs.zeil.codegrader.TestSuite:498 - removing Tests/builder
2024-04-11 03:18:30,154 INFO [main] edu.odu.cs.zeil.codegrader.run.CLI:170 - Starting: -suite Tests -submissions . -inPlace -recording build
2024-04-11 03:18:30,311 INFO [main] edu.odu.cs.zeil.codegrader.TestCase:144 - executeTest using command: ./gradlew jar compileTestJava 
2024-04-11 03:18:30,315 INFO [main] edu.odu.cs.zeil.codegrader.TestCase:146 - . 600
2024-04-11 03:18:34,013 INFO [main] edu.odu.cs.zeil.codegrader.TestCase:144 - executeTest using command: java -cp /Users/clayk/workspace/Java/CS361_Java_Assignment_2/./build/libs/assignment.jar Crazy8.Crazy8 1 
2024-04-11 03:18:34,014 INFO [main] edu.odu.cs.zeil.codegrader.TestCase:146 - . 5
2024-04-11 03:18:34,201 INFO [main] edu.odu.cs.zeil.codegrader.TestCase:144 - executeTest using command: java -cp /Users/clayk/workspace/Java/CS361_Java_Assignment_2/./build/libs/assignment.jar Crazy8.Crazy8 1 
2024-04-11 03:18:34,201 INFO [main] edu.odu.cs.zeil.codegrader.TestCase:146 - . 5
2024-04-11 03:18:34,377 INFO [main] edu.odu.cs.zeil.codegrader.TestCase:144 - executeTest using command: java -cp /Users/clayk/workspace/Java/CS361_Java_Assignment_2/./build/libs/assignment.jar Crazy8.Crazy8 1 
2024-04-11 03:18:34,377 INFO [main] edu.odu.cs.zeil.codegrader.TestCase:146 - . 5
2024-04-11 03:18:34,547 INFO [main] edu.odu.cs.zeil.codegrader.TestCase:144 - executeTest using command: java -cp 'build/classes/java/test:build/libs/*:lib/*'  org.junit.platform.console.ConsoleLauncher -c Crazy8.HandTest -c PlayingCards.TestDeck 
2024-04-11 03:18:34,547 INFO [main] edu.odu.cs.zeil.codegrader.TestCase:146 - . 5
2024-04-11 03:18:35,024 INFO [main] edu.odu.cs.zeil.codegrader.TestSuite:498 - removing Tests/builder
2024-04-11 03:29:14,257 INFO [main] edu.odu.cs.zeil.codegrader.run.CLI:170 - Starting: -suite Tests -submissions . -inPlace -recording build
2024-04-11 03:29:14,403 INFO [main] edu.odu.cs.zeil.codegrader.TestCase:144 - executeTest using command: ./gradlew jar compileTestJava 
2024-04-11 03:29:14,405 INFO [main] edu.odu.cs.zeil.codegrader.TestCase:146 - . 600
2024-04-11 03:29:21,548 INFO [main] edu.odu.cs.zeil.codegrader.TestCase:144 - executeTest using command: java -cp /Users/clayk/workspace/Java/CS361_Java_Assignment_2/./build/libs/assignment.jar Crazy8.Crazy8 1 
2024-04-11 03:29:21,549 INFO [main] edu.odu.cs.zeil.codegrader.TestCase:146 - . 5
2024-04-11 03:29:21,803 INFO [main] edu.odu.cs.zeil.codegrader.TestCase:144 - executeTest using command: java -cp /Users/clayk/workspace/Java/CS361_Java_Assignment_2/./build/libs/assignment.jar Crazy8.Crazy8 1 
2024-04-11 03:29:21,803 INFO [main] edu.odu.cs.zeil.codegrader.TestCase:146 - . 5
2024-04-11 03:29:22,046 INFO [main] edu.odu.cs.zeil.codegrader.TestCase:144 - executeTest using command: java -cp /Users/clayk/workspace/Java/CS361_Java_Assignment_2/./build/libs/assignment.jar Crazy8.Crazy8 1 
2024-04-11 03:29:22,047 INFO [main] edu.odu.cs.zeil.codegrader.TestCase:146 - . 5
2024-04-11 03:29:22,283 INFO [main] edu.odu.cs.zeil.codegrader.TestCase:144 - executeTest using command: java -cp 'build/classes/java/test:build/libs/*:lib/*'  org.junit.platform.console.ConsoleLauncher -c Crazy8.HandTest -c PlayingCards.TestDeck 
2024-04-11 03:29:22,283 INFO [main] edu.odu.cs.zeil.codegrader.TestCase:146 - . 5
2024-04-11 03:29:22,741 INFO [main] edu.odu.cs.zeil.codegrader.TestSuite:498 - removing Tests/builder
2024-04-11 03:38:01,467 INFO [main] edu.odu.cs.zeil.codegrader.run.CLI:170 - Starting: -suite Tests -submissions . -inPlace -recording build
2024-04-11 03:38:01,622 INFO [main] edu.odu.cs.zeil.codegrader.TestCase:144 - executeTest using command: ./gradlew jar compileTestJava 
2024-04-11 03:38:01,626 INFO [main] edu.odu.cs.zeil.codegrader.TestCase:146 - . 600
2024-04-11 03:38:05,508 INFO [main] edu.odu.cs.zeil.codegrader.TestCase:144 - executeTest using command: java -cp /Users/clayk/workspace/Java/CS361_Java_Assignment_2/./build/libs/assignment.jar Crazy8.Crazy8 1 
2024-04-11 03:38:05,509 INFO [main] edu.odu.cs.zeil.codegrader.TestCase:146 - . 5
2024-04-11 03:38:06,233 INFO [main] edu.odu.cs.zeil.codegrader.TestCase:144 - executeTest using command: java -cp /Users/clayk/workspace/Java/CS361_Java_Assignment_2/./build/libs/assignment.jar Crazy8.Crazy8 1 
2024-04-11 03:38:06,233 INFO [main] edu.odu.cs.zeil.codegrader.TestCase:146 - . 5
2024-04-11 03:38:06,470 INFO [main] edu.odu.cs.zeil.codegrader.TestCase:144 - executeTest using command: java -cp /Users/clayk/workspace/Java/CS361_Java_Assignment_2/./build/libs/assignment.jar Crazy8.Crazy8 1 
2024-04-11 03:38:06,470 INFO [main] edu.odu.cs.zeil.codegrader.TestCase:146 - . 5
2024-04-11 03:38:06,686 INFO [main] edu.odu.cs.zeil.codegrader.TestCase:144 - executeTest using command: java -cp 'build/classes/java/test:build/libs/*:lib/*'  org.junit.platform.console.ConsoleLauncher -c Crazy8.HandTest -c PlayingCards.TestDeck 
2024-04-11 03:38:06,686 INFO [main] edu.odu.cs.zeil.codegrader.TestCase:146 - . 5
2024-04-11 03:38:07,132 INFO [main] edu.odu.cs.zeil.codegrader.TestSuite:498 - removing Tests/builder
2024-04-11 03:48:10,401 INFO [main] edu.odu.cs.zeil.codegrader.run.CLI:170 - Starting: -suite Tests -submissions . -inPlace -recording build
2024-04-11 03:48:10,564 INFO [main] edu.odu.cs.zeil.codegrader.TestCase:144 - executeTest using command: ./gradlew jar compileTestJava 
2024-04-11 03:48:10,565 INFO [main] edu.odu.cs.zeil.codegrader.TestCase:146 - . 600
2024-04-11 03:48:14,160 INFO [main] edu.odu.cs.zeil.codegrader.TestCase:144 - executeTest using command: java -cp /Users/clayk/workspace/Java/CS361_Java_Assignment_2/./build/libs/assignment.jar Crazy8.Crazy8 1 
2024-04-11 03:48:14,160 INFO [main] edu.odu.cs.zeil.codegrader.TestCase:146 - . 5
2024-04-11 03:48:14,362 INFO [main] edu.odu.cs.zeil.codegrader.TestCase:144 - executeTest using command: java -cp /Users/clayk/workspace/Java/CS361_Java_Assignment_2/./build/libs/assignment.jar Crazy8.Crazy8 1 
2024-04-11 03:48:14,362 INFO [main] edu.odu.cs.zeil.codegrader.TestCase:146 - . 5
2024-04-11 03:48:14,538 INFO [main] edu.odu.cs.zeil.codegrader.TestCase:144 - executeTest using command: java -cp /Users/clayk/workspace/Java/CS361_Java_Assignment_2/./build/libs/assignment.jar Crazy8.Crazy8 1 
2024-04-11 03:48:14,538 INFO [main] edu.odu.cs.zeil.codegrader.TestCase:146 - . 5
2024-04-11 03:48:14,712 INFO [main] edu.odu.cs.zeil.codegrader.TestCase:144 - executeTest using command: java -cp 'build/classes/java/test:build/libs/*:lib/*'  org.junit.platform.console.ConsoleLauncher -c Crazy8.HandTest -c PlayingCards.TestDeck 
2024-04-11 03:48:14,713 INFO [main] edu.odu.cs.zeil.codegrader.TestCase:146 - . 5
2024-04-11 03:48:15,153 INFO [main] edu.odu.cs.zeil.codegrader.TestSuite:498 - removing Tests/builder
2024-04-11 04:39:19,020 INFO [main] edu.odu.cs.zeil.codegrader.run.CLI:170 - Starting: -suite Tests -submissions . -inPlace -recording build
2024-04-11 04:39:19,145 INFO [main] edu.odu.cs.zeil.codegrader.TestCase:144 - executeTest using command: ./gradlew jar compileTestJava 
2024-04-11 04:39:19,146 INFO [main] edu.odu.cs.zeil.codegrader.TestCase:146 - . 600
2024-04-11 04:39:22,219 INFO [main] edu.odu.cs.zeil.codegrader.TestCase:144 - executeTest using command: java -cp /Users/clayk/workspace/Java/CS361_Java_Assignment_2/./build/libs/assignment.jar Crazy8.Crazy8 1 
2024-04-11 04:39:22,220 INFO [main] edu.odu.cs.zeil.codegrader.TestCase:146 - . 5
2024-04-11 04:39:22,495 INFO [main] edu.odu.cs.zeil.codegrader.TestCase:144 - executeTest using command: java -cp /Users/clayk/workspace/Java/CS361_Java_Assignment_2/./build/libs/assignment.jar Crazy8.Crazy8 1 
2024-04-11 04:39:22,495 INFO [main] edu.odu.cs.zeil.codegrader.TestCase:146 - . 5
2024-04-11 04:39:22,712 INFO [main] edu.odu.cs.zeil.codegrader.TestCase:144 - executeTest using command: java -cp /Users/clayk/workspace/Java/CS361_Java_Assignment_2/./build/libs/assignment.jar Crazy8.Crazy8 1 
2024-04-11 04:39:22,712 INFO [main] edu.odu.cs.zeil.codegrader.TestCase:146 - . 5
2024-04-11 04:39:22,923 INFO [main] edu.odu.cs.zeil.codegrader.TestCase:144 - executeTest using command: java -cp 'build/classes/java/test:build/libs/*:lib/*'  org.junit.platform.console.ConsoleLauncher -c Crazy8.HandTest -c PlayingCards.TestDeck 
2024-04-11 04:39:22,924 INFO [main] edu.odu.cs.zeil.codegrader.TestCase:146 - . 5
2024-04-11 04:39:23,318 INFO [main] edu.odu.cs.zeil.codegrader.TestSuite:498 - removing Tests/builder
2024-04-11 04:42:49,776 INFO [main] edu.odu.cs.zeil.codegrader.run.CLI:170 - Starting: -suite Tests -submissions . -inPlace -recording build
2024-04-11 04:42:49,903 INFO [main] edu.odu.cs.zeil.codegrader.TestCase:144 - executeTest using command: ./gradlew jar compileTestJava 
2024-04-11 04:42:49,907 INFO [main] edu.odu.cs.zeil.codegrader.TestCase:146 - . 600
2024-04-11 04:42:53,111 INFO [main] edu.odu.cs.zeil.codegrader.TestCase:144 - executeTest using command: java -cp /Users/clayk/workspace/Java/CS361_Java_Assignment_2/./build/libs/assignment.jar Crazy8.Crazy8 1 
2024-04-11 04:42:53,113 INFO [main] edu.odu.cs.zeil.codegrader.TestCase:146 - . 5
2024-04-11 04:42:53,341 INFO [main] edu.odu.cs.zeil.codegrader.TestCase:144 - executeTest using command: java -cp /Users/clayk/workspace/Java/CS361_Java_Assignment_2/./build/libs/assignment.jar Crazy8.Crazy8 1 
2024-04-11 04:42:53,341 INFO [main] edu.odu.cs.zeil.codegrader.TestCase:146 - . 5
2024-04-11 04:42:53,520 INFO [main] edu.odu.cs.zeil.codegrader.TestCase:144 - executeTest using command: java -cp /Users/clayk/workspace/Java/CS361_Java_Assignment_2/./build/libs/assignment.jar Crazy8.Crazy8 1 
2024-04-11 04:42:53,520 INFO [main] edu.odu.cs.zeil.codegrader.TestCase:146 - . 5
2024-04-11 04:42:53,685 INFO [main] edu.odu.cs.zeil.codegrader.TestCase:144 - executeTest using command: java -cp 'build/classes/java/test:build/libs/*:lib/*'  org.junit.platform.console.ConsoleLauncher -c Crazy8.HandTest -c PlayingCards.TestDeck 
2024-04-11 04:42:53,685 INFO [main] edu.odu.cs.zeil.codegrader.TestCase:146 - . 5
2024-04-11 04:42:54,102 INFO [main] edu.odu.cs.zeil.codegrader.TestSuite:498 - removing Tests/builder
2024-04-11 04:44:26,848 INFO [main] edu.odu.cs.zeil.codegrader.run.CLI:170 - Starting: -suite Tests -submissions . -inPlace -recording build
2024-04-11 04:44:26,989 INFO [main] edu.odu.cs.zeil.codegrader.TestCase:144 - executeTest using command: ./gradlew jar compileTestJava 
2024-04-11 04:44:26,990 INFO [main] edu.odu.cs.zeil.codegrader.TestCase:146 - . 600
2024-04-11 04:44:30,542 INFO [main] edu.odu.cs.zeil.codegrader.TestCase:144 - executeTest using command: java -cp /Users/clayk/workspace/Java/CS361_Java_Assignment_2/./build/libs/assignment.jar Crazy8.Crazy8 1 
2024-04-11 04:44:30,543 INFO [main] edu.odu.cs.zeil.codegrader.TestCase:146 - . 5
2024-04-11 04:44:30,808 INFO [main] edu.odu.cs.zeil.codegrader.TestCase:144 - executeTest using command: java -cp /Users/clayk/workspace/Java/CS361_Java_Assignment_2/./build/libs/assignment.jar Crazy8.Crazy8 1 
2024-04-11 04:44:30,809 INFO [main] edu.odu.cs.zeil.codegrader.TestCase:146 - . 5
2024-04-11 04:44:31,076 INFO [main] edu.odu.cs.zeil.codegrader.TestCase:144 - executeTest using command: java -cp /Users/clayk/workspace/Java/CS361_Java_Assignment_2/./build/libs/assignment.jar Crazy8.Crazy8 1 
2024-04-11 04:44:31,076 INFO [main] edu.odu.cs.zeil.codegrader.TestCase:146 - . 5
2024-04-11 04:44:31,314 INFO [main] edu.odu.cs.zeil.codegrader.TestCase:144 - executeTest using command: java -cp 'build/classes/java/test:build/libs/*:lib/*'  org.junit.platform.console.ConsoleLauncher -c Crazy8.HandTest -c PlayingCards.TestDeck 
2024-04-11 04:44:31,314 INFO [main] edu.odu.cs.zeil.codegrader.TestCase:146 - . 5
2024-04-11 04:44:31,723 INFO [main] edu.odu.cs.zeil.codegrader.TestSuite:498 - removing Tests/builder
2024-04-11 04:50:32,644 INFO [main] edu.odu.cs.zeil.codegrader.run.CLI:170 - Starting: -suite Tests -submissions . -inPlace -recording build
2024-04-11 04:50:32,875 INFO [main] edu.odu.cs.zeil.codegrader.TestCase:144 - executeTest using command: ./gradlew jar compileTestJava 
2024-04-11 04:50:32,877 INFO [main] edu.odu.cs.zeil.codegrader.TestCase:146 - . 600
2024-04-11 04:50:37,985 INFO [main] edu.odu.cs.zeil.codegrader.TestCase:144 - executeTest using command: java -cp /Users/clayk/workspace/Java/CS361_Java_Assignment_2/./build/libs/assignment.jar Crazy8.Crazy8 1 
2024-04-11 04:50:37,986 INFO [main] edu.odu.cs.zeil.codegrader.TestCase:146 - . 5
2024-04-11 04:50:38,289 INFO [main] edu.odu.cs.zeil.codegrader.TestCase:144 - executeTest using command: java -cp /Users/clayk/workspace/Java/CS361_Java_Assignment_2/./build/libs/assignment.jar Crazy8.Crazy8 1 
2024-04-11 04:50:38,290 INFO [main] edu.odu.cs.zeil.codegrader.TestCase:146 - . 5
2024-04-11 04:50:38,584 INFO [main] edu.odu.cs.zeil.codegrader.TestCase:144 - executeTest using command: java -cp /Users/clayk/workspace/Java/CS361_Java_Assignment_2/./build/libs/assignment.jar Crazy8.Crazy8 1 
2024-04-11 04:50:38,584 INFO [main] edu.odu.cs.zeil.codegrader.TestCase:146 - . 5
2024-04-11 04:50:38,868 INFO [main] edu.odu.cs.zeil.codegrader.TestCase:144 - executeTest using command: java -cp 'build/classes/java/test:build/libs/*:lib/*'  org.junit.platform.console.ConsoleLauncher -c Crazy8.HandTest -c PlayingCards.TestDeck 
2024-04-11 04:50:38,869 INFO [main] edu.odu.cs.zeil.codegrader.TestCase:146 - . 5
2024-04-11 04:50:39,822 INFO [main] edu.odu.cs.zeil.codegrader.TestSuite:498 - removing Tests/builder
2024-04-11 04:57:25,532 INFO [main] edu.odu.cs.zeil.codegrader.run.CLI:170 - Starting: -suite Tests -submissions . -inPlace -recording build
2024-04-11 04:57:25,691 INFO [main] edu.odu.cs.zeil.codegrader.TestCase:144 - executeTest using command: ./gradlew jar compileTestJava 
2024-04-11 04:57:25,694 INFO [main] edu.odu.cs.zeil.codegrader.TestCase:146 - . 600
2024-04-11 04:57:29,310 INFO [main] edu.odu.cs.zeil.codegrader.TestCase:144 - executeTest using command: java -cp /Users/clayk/workspace/Java/CS361_Java_Assignment_2/./build/libs/assignment.jar Crazy8.Crazy8 1 
2024-04-11 04:57:29,311 INFO [main] edu.odu.cs.zeil.codegrader.TestCase:146 - . 5
2024-04-11 04:57:29,584 INFO [main] edu.odu.cs.zeil.codegrader.TestCase:144 - executeTest using command: java -cp /Users/clayk/workspace/Java/CS361_Java_Assignment_2/./build/libs/assignment.jar Crazy8.Crazy8 1 
2024-04-11 04:57:29,584 INFO [main] edu.odu.cs.zeil.codegrader.TestCase:146 - . 5
2024-04-11 04:57:29,866 INFO [main] edu.odu.cs.zeil.codegrader.TestCase:144 - executeTest using command: java -cp /Users/clayk/workspace/Java/CS361_Java_Assignment_2/./build/libs/assignment.jar Crazy8.Crazy8 1 
2024-04-11 04:57:29,867 INFO [main] edu.odu.cs.zeil.codegrader.TestCase:146 - . 5
2024-04-11 04:57:30,104 INFO [main] edu.odu.cs.zeil.codegrader.TestCase:144 - executeTest using command: java -cp 'build/classes/java/test:build/libs/*:lib/*'  org.junit.platform.console.ConsoleLauncher -c Crazy8.HandTest -c PlayingCards.TestDeck 
2024-04-11 04:57:30,104 INFO [main] edu.odu.cs.zeil.codegrader.TestCase:146 - . 5
2024-04-11 04:57:30,539 INFO [main] edu.odu.cs.zeil.codegrader.TestSuite:498 - removing Tests/builder
